Arguments: 
  C:\Program Files\nodejs\node.exe C:\Users\PC\AppData\Roaming\npm\node_modules\yarn\bin\yarn.js add sass

PATH: 
  C:\Python310\Scripts\;C:\Python310\;C:\Windows\system32;C:\Windows;C:\Windows\System32\Wbem;C:\Windows\System32\WindowsPowerShell\v1.0\;C:\Windows\System32\OpenSSH\;C:\Program Files\nodejs\;C:\ProgramData\chocolatey\bin;C:\Program Files\Git\cmd;C:\Users\PC\AppData\Local\Microsoft\WindowsApps;C:\Users\PC\AppData\Roaming\npm;C:\Users\PC\AppData\Local\Programs\Microsoft VS Code\bin

Yarn version: 
  1.22.19

Node version: 
  16.17.1

Platform: 
  win32 x64

Trace: 
  Error: EPERM: operation not permitted, unlink 'C:\Users\PC\Desktop\React\next-js\node_modules\@next\swc-win32-x64-msvc\next-swc.win32-x64-msvc.node'

npm manifest: 
  {
    "name": "next-js",
    "version": "0.1.0",
    "private": true,
    "scripts": {
      "dev": "next dev",
      "build": "next build",
      "start": "next start",
      "lint": "next lint"
    },
    "dependencies": {
      "@next/font": "13.1.3",
      "eslint": "8.32.0",
      "eslint-config-next": "13.1.3",
      "next": "13.1.3",
      "react": "18.2.0",
      "react-dom": "18.2.0"
    }
  }

yarn manifest: 
  No manifest

Lockfile: 
  No lockfile
